<?xml version="1.0" encoding="UTF-8"?>
<testsuite xmlns:xsi="http://www.w3.org/2001/XMLSchema-instance" xsi:noNamespaceSchemaLocation="https://maven.apache.org/surefire/maven-surefire-plugin/xsd/surefire-test-report.xsd" name="com.ichop.core.areas.reaction.services.CommentReactionServicesIntegrationTests" time="0.165" tests="5" errors="0" skipped="0" failures="0">
  <properties>
[...]
</properties>
  <testcase name="isLikedByUser_withUserNotLikedThatComment_shouldReturnFalse" classname="com.ichop.core.areas.reaction.services.CommentReactionServicesIntegrationTests" time="0.03"/>
  <testcase name="findTotalReactionsByUserAndType_with1Present_shouldReturn1" classname="com.ichop.core.areas.reaction.services.CommentReactionServicesIntegrationTests" time="0.024"/>
  <testcase name="isLikedByUser_withUserLikedThatComment_shouldReturnTrue" classname="com.ichop.core.areas.reaction.services.CommentReactionServicesIntegrationTests" time="0.025"/>
  <testcase name="create_withValidData_shouldReturnValidResult" classname="com.ichop.core.areas.reaction.services.CommentReactionServicesIntegrationTests" time="0.051"/>
  <testcase name="findTotalReactionsByUserAndType_with0Present_shouldReturn0" classname="com.ichop.core.areas.reaction.services.CommentReactionServicesIntegrationTests" time="0.027"/>
</testsuite>